=== AMBIENTE ===
Data UTC: Sun May 10 19:51:47 UTC 2026
RUN_MODE: check
Event:    schedule
Force in: 
SHA:      eac1c0be357d631c7e1ce0bfbbb73ba6939afc0c
=== EXECUÇÃO ===
⏰ Janela aberta (atual: 19:00 UTC ≥ pico: 06:00 UTC) e ainda não enviou hoje. Rodando.
🔍 Resolvendo @CoinBureau...
   ✓ Coin Bureau: 1 vídeo(s) (últimas 24h)
🔍 Resolvendo @AltcoinDaily...
   ✓ Altcoin Daily: 1 vídeo(s) (últimas 24h)
🔍 Resolvendo @IntoTheCryptoverse...
   ✓ Benjamin Cowen: 5 vídeo(s) (vídeos mais recentes)
🔍 Resolvendo @cryptobantergroup...
   ✓ Crypto Banter: 4 vídeo(s) (últimas 24h)
🔍 Resolvendo @DataDash...
   ✓ DataDash: 5 vídeo(s) (vídeos mais recentes)
📤 Enviando email...
   from: onboarding@resend.dev
   to:   marcusvmoraes86@gmail.com, paulabscrok@gmail.com, gfvsoares@gmail.com
   HTTP 403
   Body: {"statusCode":403,"name":"validation_error","message":"You can only send testing emails to your own email address (marcusvmoraes86@gmail.com). To send emails to other recipients, please verify a domain at resend.com/domains, and change the `from` address to an email using this domain."}
Traceback (most recent call last):
  File "/home/runner/work/auto86/auto86/crypto_daily_report.py", line 450, in <module>
    main()
  File "/home/runner/work/auto86/auto86/crypto_daily_report.py", line 442, in main
    send_email(html_content)
  File "/home/runner/work/auto86/auto86/crypto_daily_report.py", line 320, in send_email
    raise RuntimeError(f"Resend falhou ({r.status_code}): {r.text[:300]}")
RuntimeError: Resend falhou (403): {"statusCode":403,"name":"validation_error","message":"You can only send testing emails to your own email address (marcusvmoraes86@gmail.com). To send emails to other recipients, please verify a domain at resend.com/domains, and change the `from` address to an email using this domain."}
